Determining if the pthread_create exist failed with the following output:
Change Dir: /home/qqh/projects/RandomForest/cmake-build-debug/CMakeFiles/CMakeTmp

Run Build Command:"/usr/bin/make" "cmTC_f6a34/fast"
/usr/bin/make -f CMakeFiles/cmTC_f6a34.dir/build.make CMakeFiles/cmTC_f6a34.dir/build
make[1]: Entering directory '/home/qqh/projects/RandomForest/cmake-build-debug/CMakeFiles/CMakeTmp'
Building C object CMakeFiles/cmTC_f6a34.dir/CheckSymbolExists.c.o
/usr/bin/cc   -fPIC    -o CMakeFiles/cmTC_f6a34.dir/CheckSymbolExists.c.o   -c /home/qqh/projects/RandomForest/cmake-build-debug/CMakeFiles/CMakeTmp/CheckSymbolExists.c
Linking C executable cmTC_f6a34
/home/qqh/workspace/clion-2017.2.3/bin/cmake/bin/cmake -E cmake_link_script CMakeFiles/cmTC_f6a34.dir/link.txt --verbose=1
/usr/bin/cc -fPIC     -rdynamic CMakeFiles/cmTC_f6a34.dir/CheckSymbolExists.c.o  -o cmTC_f6a34 
CMakeFiles/cmTC_f6a34.dir/CheckSymbolExists.c.o：在函数‘main’中：
CheckSymbolExists.c:(.text+0x1b)：对‘pthread_create’未定义的引用
collect2: error: ld returned 1 exit status
CMakeFiles/cmTC_f6a34.dir/build.make:97: recipe for target 'cmTC_f6a34' failed
make[1]: *** [cmTC_f6a34] Error 1
make[1]: Leaving directory '/home/qqh/projects/RandomForest/cmake-build-debug/CMakeFiles/CMakeTmp'
Makefile:126: recipe for target 'cmTC_f6a34/fast' failed
make: *** [cmTC_f6a34/fast] Error 2

File /home/qqh/projects/RandomForest/cmake-build-debug/CMakeFiles/CMakeTmp/CheckSymbolExists.c:
/* */
#include <pthread.h>

int main(int argc, char** argv)
{
  (void)argv;
#ifndef pthread_create
  return ((int*)(&pthread_create))[argc];
#else
  (void)argc;
  return 0;
#endif
}

Determining if the function pthread_create exists in the pthreads failed with the following output:
Change Dir: /home/qqh/projects/RandomForest/cmake-build-debug/CMakeFiles/CMakeTmp

Run Build Command:"/usr/bin/make" "cmTC_d3810/fast"
/usr/bin/make -f CMakeFiles/cmTC_d3810.dir/build.make CMakeFiles/cmTC_d3810.dir/build
make[1]: Entering directory '/home/qqh/projects/RandomForest/cmake-build-debug/CMakeFiles/CMakeTmp'
Building C object CMakeFiles/cmTC_d3810.dir/CheckFunctionExists.c.o
/usr/bin/cc   -fPIC -DCHECK_FUNCTION_EXISTS=pthread_create   -o CMakeFiles/cmTC_d3810.dir/CheckFunctionExists.c.o   -c /home/qqh/workspace/clion-2017.2.3/bin/cmake/share/cmake-3.8/Modules/CheckFunctionExists.c
Linking C executable cmTC_d3810
/home/qqh/workspace/clion-2017.2.3/bin/cmake/bin/cmake -E cmake_link_script CMakeFiles/cmTC_d3810.dir/link.txt --verbose=1
/usr/bin/cc -fPIC -DCHECK_FUNCTION_EXISTS=pthread_create    -rdynamic CMakeFiles/cmTC_d3810.dir/CheckFunctionExists.c.o  -o cmTC_d3810 -lpthreads 
/usr/bin/ld: 找不到 -lpthreads
collect2: error: ld returned 1 exit status
CMakeFiles/cmTC_d3810.dir/build.make:97: recipe for target 'cmTC_d3810' failed
make[1]: *** [cmTC_d3810] Error 1
make[1]: Leaving directory '/home/qqh/projects/RandomForest/cmake-build-debug/CMakeFiles/CMakeTmp'
Makefile:126: recipe for target 'cmTC_d3810/fast' failed
make: *** [cmTC_d3810/fast] Error 2


